
ROM used:   211/8192 (3%)
            211/8192 (3%) including unused fragments

            0.3 Average locations per line
            5.3 Average locations per statement

RAM used:   7/368 (2%) at main() level
            8/368 (2%) worst case

Stack used: 2 worst case (2 in main + 0 for interrupts)
Stack size: 8

Lines Stmts  %   Files
----- ----- ---  -----
   77    40 100  fig_2_25.c
  676     0   0  ..\..\..\..\..\Program Files (x86)\PICCDEMO\Devices\16F877.h
----- -----
  753    40 Total

Page ROM  %  RAM    Vol Diff  Functions:
---- --- --- ---    --- ----  ----------
0     20   9    1             @delay_ms1
0     15   7    0     78  1.6  motor1R
0     12   6    0     69  1.6  motor1uit
0     15   7    0     78  1.6  motor1L
0     21  10    0     78  1.6  motor2R
0     16   8    0     69  1.6  motor2uit
0     21  10    0     78  1.6  motor2L
0     87  41    1    429  2.4  MAIN
 Inline         0    429  2.4  @cinit1

Program metrics:
    Functions               8
    Statements              40
    Comments                124
    Volume (V)              2047
    Difficulty (D)          14.9
    Effort to implement (E) 30486
    Time to implement (T)   28 minutes
    Est Delivered Bugs (B)  0
    Cyclomatic Complexity   1
    Maintainability (MI)    107

 Segment     Used  Free
-----------  ----  ----
00000-00003     4  0  
00004-007FF   207  1837  
00800-00FFF     0  2048  
01000-017FF     0  2048  
01800-01FFF     0  2048  



