
ROM used:   90/8192 (1%)
            90/8192 (1%) including unused fragments

            0.1 Average locations per line
            7.5 Average locations per statement

RAM used:   10/368 (3%) at main() level
            11/368 (3%) worst case

Stack used: 0 worst case (0 in main + 0 for interrupts)
Stack size: 8

Lines Stmts  %   Files
----- ----- ---  -----
   26    12 100  main.c
    5     0   0  main.h
  708     0   0  ..\..\..\..\..\Program Files (x86)\PICCDEMO\Devices\16F877A.h
----- -----
  739    12 Total

Page ROM  %  RAM    Vol Diff  Functions:
---- --- --- ---    --- ----  ----------
0     21  23    1             @delay_ms2
0     65  72    1    285  2.8  main
 Inline         0             @cinit1

Program metrics:
    Functions               1
    Statements              12
    Comments                127
    Volume (V)              290
    Difficulty (D)          2.6
    Effort to implement (E) 753
    Time to implement (T)   1 minutes
    Est Delivered Bugs (B)  0
    Cyclomatic Complexity   1
    Maintainability (MI)    52

 Segment     Used  Free
-----------  ----  ----
00000-00003     4  0  
00004-007FF    86  1958  
00800-00FFF     0  2048  
01000-017FF     0  2048  
01800-01FFF     0  2048  



