CCS PCM C Compiler, Version 5.115d, 1               05-jun-23 16:24
Compiler operating in Evaluation Mode
To obtain a fully enabled compiler visit www.ccsinfo.com/products

               Filename:   C:\Users\koens\Downloads\Project 1.4 programma\Project1.4-Pipetteerrobot\main.lst

               ROM used:   56 words (1%)
                           Largest free fragment is 2048
               RAM used:   8 (2%) at main() level
                           8 (2%) worst case
               Stack used: 0 locations
               Stack size: 8

*
0000:  MOVLW  00
0001:  MOVWF  0A
0002:  GOTO   004
0003:  NOP
.................... #include <main.h>
.................... #include <16F877A.h>
.................... //////////// Standard Header file for the PIC16F877A device ////////////////
.................... ///////////////////////////////////////////////////////////////////////////
.................... ////        (C) Copyright 1996, 2020 Custom Computer Services          ////
.................... //// This source code may only be used by licensed users of the CCS C  ////
.................... //// compiler.  This source code may only be distributed to other      ////
.................... //// licensed users of the CCS C compiler.  No other use, reproduction ////
.................... //// or distribution is permitted without written permission.          ////
.................... //// Derivative programs created using this software in object code    ////
.................... //// form are not restricted in any way.                               ////
.................... ///////////////////////////////////////////////////////////////////////////
.................... #device PIC16F877A
.................... 
.................... #list
.................... 
.................... #device ADC=10
.................... #use delay(crystal=8867238)
.................... 
.................... 
.................... #include <16F877A.h>
.................... //////////// Standard Header file for the PIC16F877A device ////////////////
.................... ///////////////////////////////////////////////////////////////////////////
.................... ////        (C) Copyright 1996, 2020 Custom Computer Services          ////
.................... //// This source code may only be used by licensed users of the CCS C  ////
.................... //// compiler.  This source code may only be distributed to other      ////
.................... //// licensed users of the CCS C compiler.  No other use, reproduction ////
.................... //// or distribution is permitted without written permission.          ////
.................... //// Derivative programs created using this software in object code    ////
.................... //// form are not restricted in any way.                               ////
.................... ///////////////////////////////////////////////////////////////////////////
.................... #device PIC16F877A
.................... 
.................... #list
.................... 
.................... #use delay(clock=8867238)
.................... #fuses HS,NOWDT
.................... int HoeVaakGedrukt;
.................... 
.................... void main()
0004:  MOVF   03,W
0005:  ANDLW  1F
0006:  MOVWF  03
0007:  MOVLW  FF
0008:  MOVWF  21
0009:  BSF    03.5
000A:  BSF    1F.0
000B:  BSF    1F.1
000C:  BSF    1F.2
000D:  BCF    1F.3
000E:  MOVLW  07
000F:  MOVWF  1C
0010:  BCF    03.7
.................... {
.................... 
....................    set_tris_a (0x07);
0011:  MOVLW  07
0012:  MOVWF  05
....................    set_tris_b (0x03);
0013:  MOVLW  03
0014:  MOVWF  06
....................    set_tris_c (0x0F);
0015:  MOVLW  0F
0016:  MOVWF  07
0017:  BCF    03.5
0018:  MOVWF  21
....................    set_tris_d (0x00);
0019:  MOVLW  00
001A:  BSF    03.5
001B:  MOVWF  08
....................    
....................    while(TRUE)
....................    {
....................       if(input_b()==2)
001C:  MOVLW  FF
001D:  MOVWF  06
001E:  BCF    03.5
001F:  MOVF   06,W
0020:  SUBLW  02
0021:  BTFSS  03.2
0022:  GOTO   035
....................       {
....................       HoeVaakGedrukt++;
0023:  INCF   20,F
....................       if(HoeVaakGedrukt == 1)
0024:  DECFSZ 20,W
0025:  GOTO   02B
....................       {
....................          output_b(16);
0026:  BSF    03.5
0027:  CLRF   06
0028:  MOVLW  10
0029:  BCF    03.5
002A:  MOVWF  06
....................          // voer functie prep uit
....................       }
....................       if(HoeVaakGedrukt == 2)
002B:  MOVF   20,W
002C:  SUBLW  02
002D:  BTFSS  03.2
002E:  GOTO   035
....................       {
....................          output_b(25);
002F:  BSF    03.5
0030:  CLRF   06
0031:  MOVLW  19
0032:  BCF    03.5
0033:  MOVWF  06
....................          // voer functie hoofprogramma uit
....................       HoeVaakGedrukt = 0;
0034:  CLRF   20
....................       }
....................         
....................       
....................       }
0035:  BSF    03.5
0036:  GOTO   01C
....................    }
.................... }
.................... 
0037:  SLEEP

Configuration Fuses:
   Word  1: 3F72   HS NOWDT PUT BROWNOUT NOLVP NOCPD NOWRT NODEBUG NOPROTECT
