
ROM used:   161/8192 (2%)
            161/8192 (2%) including unused fragments

            0.2 Average locations per line
            7.7 Average locations per statement

RAM used:   16/368 (4%) at main() level
            18/368 (5%) worst case

Stack used: 1 worst case (0 in main + 1 for interrupts)
Stack size: 8

Lines Stmts  %   Files
----- ----- ---  -----
   56    21 100  prepping.c
  676     0   0  ..\..\..\..\..\..\..\..\..\Program Files (x86)\PICCDEMO\Devices\16F877.h
----- -----
  732    21 Total

Page ROM  %  RAM    Vol Diff  Functions:
---- --- --- ---    --- ----  ----------
 Inline         1             @delay_ms1
0     56  35    0    338  5.1  TCCP1_isr
0     24  15    0    108  2.1  MAIN
0     32  20    1     50  1.5  prepping
 Inline         0             @cinit1

Program metrics:
    Functions               3
    Statements              21
    Comments                127
    Volume (V)              640
    Difficulty (D)          8.4
    Effort to implement (E) 5392
    Time to implement (T)   5 minutes
    Est Delivered Bugs (B)  0
    Cyclomatic Complexity   5
    Maintainability (MI)    81

 Segment     Used  Free
-----------  ----  ----
00000-00003     4  0  
00004-00030    45  0  
00031-007FF   112  1887  
00800-00FFF     0  2048  
01000-017FF     0  2048  
01800-01FFF     0  2048  



